<?xml version="1.0" encoding="UTF-8"?>
<!-- Generated by org.testng.reporters.JUnitReportReporter -->
<testsuite hostname="DESKTOP-G23FB35" name="Newmavenprj.Endtoend.Homepage" tests="2" failures="0" timestamp="7 Mar 2023 17:07:49 GMT" time="17.788" errors="0">
  <testcase name="basepageNavigation" time="15.026" classname="Newmavenprj.Endtoend.Homepage"/>
  <testcase name="basepageNavigation" time="2.762" classname="Newmavenprj.Endtoend.Homepage"/>
</testsuite> <!-- Newmavenprj.Endtoend.Homepage -->
