<?xml version="1.0" encoding="UTF-8"?>
<!-- Generated by org.testng.reporters.JUnitReportReporter -->
<testsuite hostname="DESKTOP-G23FB35" failures="0" tests="1" name="Newmavenprj.Endtoend.validationtitle" time="11.093" errors="0" timestamp="6 Mar 2023 15:52:53 GMT">
  <testcase classname="Newmavenprj.Endtoend.validationtitle" name="basepageNavigation" time="11.093"/>
</testsuite> <!-- Newmavenprj.Endtoend.validationtitle -->
